2021-10-05 10:59:31 0:0:0:0:0:0:0:1 302 "GET / HTTP/1.1" - (163 ms)
2021-10-05 10:59:31 0:0:0:0:0:0:0:1 302 "GET /sales/salesListDay HTTP/1.1" - (29 ms)
2021-10-05 10:59:32 0:0:0:0:0:0:0:1 302 "GET / HTTP/1.1" - (3 ms)
2021-10-05 10:59:32 0:0:0:0:0:0:0:1 302 "GET /sales/salesListDay HTTP/1.1" - (7 ms)
2021-10-05 10:59:32 0:0:0:0:0:0:0:1 200 "GET /login HTTP/1.1" 3402 (398 ms)
2021-10-05 10:59:32 0:0:0:0:0:0:0:1 200 "GET /login HTTP/1.1" 3402 (8 ms)
2021-10-05 10:59:33 0:0:0:0:0:0:0:1 302 "GET /static/js/jquery-3.6.0.min.js HTTP/1.1" - (5 ms)
2021-10-05 10:59:33 0:0:0:0:0:0:0:1 302 "GET /static/css/jquery-ui-flick.css HTTP/1.1" - (51 ms)
2021-10-05 10:59:33 0:0:0:0:0:0:0:1 302 "GET /static/css/bootstrap.min.css HTTP/1.1" - (57 ms)
2021-10-05 10:59:33 0:0:0:0:0:0:0:1 302 "GET /static/css/sb-admin-2.css/ HTTP/1.1" - (51 ms)
2021-10-05 10:59:33 0:0:0:0:0:0:0:1 302 "GET /static/css/common.css HTTP/1.1" - (43 ms)
2021-10-05 10:59:33 0:0:0:0:0:0:0:1 302 "GET /static/css/extbootstrap.css HTTP/1.1" - (45 ms)
2021-10-05 10:59:34 0:0:0:0:0:0:0:1 302 "GET /static/js/jquery-3.6.0.min.js HTTP/1.1" - (7 ms)
2021-10-05 10:59:34 0:0:0:0:0:0:0:1 302 "GET /static/js/jquery-ui.min.js HTTP/1.1" - (4 ms)
2021-10-05 10:59:34 0:0:0:0:0:0:0:1 302 "GET /static/js/common.js HTTP/1.1" - (5 ms)
2021-10-05 10:59:34 0:0:0:0:0:0:0:1 302 "GET /static/js/jquery.datetimepicker.min.js HTTP/1.1" - (5 ms)
2021-10-05 10:59:34 0:0:0:0:0:0:0:1 302 "GET /static/js/salesListDay.js HTTP/1.1" - (6 ms)
2021-10-05 10:59:34 0:0:0:0:0:0:0:1 302 "GET /static/js/libro.validate.js HTTP/1.1" - (8 ms)
2021-10-05 10:59:34 0:0:0:0:0:0:0:1 302 "GET /static/css/jquery.fileupload.css HTTP/1.1" - (4 ms)
2021-10-05 10:59:34 0:0:0:0:0:0:0:1 200 "GET /login HTTP/1.1" 3402 (8 ms)
2021-10-05 10:59:34 0:0:0:0:0:0:0:1 200 "GET /login HTTP/1.1" 3402 (6 ms)
2021-10-05 10:59:34 0:0:0:0:0:0:0:1 302 "GET /static/css/jquery.fileupload.css HTTP/1.1" - (3 ms)
2021-10-05 10:59:34 0:0:0:0:0:0:0:1 200 "GET /login HTTP/1.1" 3402 (6 ms)
2021-10-05 10:59:34 0:0:0:0:0:0:0:1 302 "GET /static/js/jquery.datetimepicker.min.js HTTP/1.1" - (1 ms)
2021-10-05 10:59:34 0:0:0:0:0:0:0:1 200 "GET /login HTTP/1.1" 3402 (6 ms)
2021-10-05 10:59:34 0:0:0:0:0:0:0:1 302 "GET /static/js/libro.validate.js HTTP/1.1" - (2 ms)
2021-10-05 10:59:34 0:0:0:0:0:0:0:1 200 "GET /login HTTP/1.1" 3402 (6 ms)
2021-10-05 10:59:34 0:0:0:0:0:0:0:1 302 "GET /static/js/jquery-ui.min.js HTTP/1.1" - (1 ms)
2021-10-05 10:59:34 0:0:0:0:0:0:0:1 200 "GET /login HTTP/1.1" 3402 (5 ms)
2021-10-05 10:59:34 0:0:0:0:0:0:0:1 302 "GET /static/js/common.js HTTP/1.1" - (2 ms)
2021-10-05 10:59:34 0:0:0:0:0:0:0:1 200 "GET /login HTTP/1.1" 3402 (4 ms)
2021-10-05 10:59:34 0:0:0:0:0:0:0:1 302 "GET /static/js/salesListDay.js HTTP/1.1" - (2 ms)
2021-10-05 10:59:34 0:0:0:0:0:0:0:1 200 "GET /login HTTP/1.1" 3402 (4 ms)
2021-10-05 10:59:34 0:0:0:0:0:0:0:1 200 "GET /login HTTP/1.1" 3402 (5 ms)
2021-10-05 10:59:34 0:0:0:0:0:0:0:1 200 "GET /login HTTP/1.1" 3402 (4 ms)
2021-10-05 10:59:34 0:0:0:0:0:0:0:1 200 "GET /login HTTP/1.1" 3402 (5 ms)
2021-10-05 10:59:34 0:0:0:0:0:0:0:1 200 "GET /login HTTP/1.1" 3402 (4 ms)
2021-10-05 10:59:34 0:0:0:0:0:0:0:1 200 "GET /login HTTP/1.1" 3402 (5 ms)
2021-10-05 10:59:34 0:0:0:0:0:0:0:1 200 "GET /login HTTP/1.1" 3402 (5 ms)
2021-10-05 10:59:34 0:0:0:0:0:0:0:1 200 "GET /login HTTP/1.1" 3402 (5 ms)
2021-10-05 10:59:34 0:0:0:0:0:0:0:1 302 "GET /static/css/bootstrap.min.css HTTP/1.1" - (3 ms)
2021-10-05 10:59:34 0:0:0:0:0:0:0:1 302 "GET /static/css/extbootstrap.css HTTP/1.1" - (3 ms)
2021-10-05 10:59:34 0:0:0:0:0:0:0:1 302 "GET /static/css/jquery-ui-flick.css HTTP/1.1" - (2 ms)
2021-10-05 10:59:34 0:0:0:0:0:0:0:1 302 "GET /static/css/common.css HTTP/1.1" - (3 ms)
2021-10-05 10:59:34 0:0:0:0:0:0:0:1 302 "GET /static/css/sb-admin-2.css/ HTTP/1.1" - (4 ms)
2021-10-05 10:59:34 0:0:0:0:0:0:0:1 200 "GET /login HTTP/1.1" 3402 (6 ms)
2021-10-05 10:59:34 0:0:0:0:0:0:0:1 200 "GET /login HTTP/1.1" 3402 (4 ms)
2021-10-05 10:59:34 0:0:0:0:0:0:0:1 200 "GET /login HTTP/1.1" 3402 (4 ms)
2021-10-05 10:59:34 0:0:0:0:0:0:0:1 200 "GET /login HTTP/1.1" 3402 (4 ms)
2021-10-05 10:59:34 0:0:0:0:0:0:0:1 200 "GET /login HTTP/1.1" 3402 (5 ms)
2021-10-05 10:59:34 0:0:0:0:0:0:0:1 200 "GET /login HTTP/1.1" 3402 (4 ms)
2021-10-05 10:59:34 0:0:0:0:0:0:0:1 200 "GET /login HTTP/1.1" 3402 (5 ms)
2021-10-05 10:59:34 0:0:0:0:0:0:0:1 200 "GET /login HTTP/1.1" 3402 (4 ms)
2021-10-05 10:59:34 0:0:0:0:0:0:0:1 200 "GET /login HTTP/1.1" 3402 (4 ms)
2021-10-05 10:59:34 0:0:0:0:0:0:0:1 200 "GET /login HTTP/1.1" 3402 (4 ms)
2021-10-05 10:59:34 0:0:0:0:0:0:0:1 200 "GET /login HTTP/1.1" 3402 (4 ms)
2021-10-05 10:59:34 0:0:0:0:0:0:0:1 200 "GET /login HTTP/1.1" 3402 (4 ms)
2021-10-05 10:59:34 0:0:0:0:0:0:0:1 200 "GET /login HTTP/1.1" 3402 (5 ms)
2021-10-05 10:59:34 0:0:0:0:0:0:0:1 200 "GET /login HTTP/1.1" 3402 (4 ms)
2021-10-05 10:59:34 0:0:0:0:0:0:0:1 302 "GET /static/image/favicon/conects_book_32x32.ico HTTP/1.1" - (3 ms)
2021-10-05 10:59:34 0:0:0:0:0:0:0:1 200 "GET /login HTTP/1.1" 3402 (5 ms)
2021-10-05 10:59:52 0:0:0:0:0:0:0:1 200 "GET /login HTTP/1.1" 3402 (5 ms)
2021-10-05 10:59:53 0:0:0:0:0:0:0:1 302 "GET /static/js/jquery-3.6.0.min.js HTTP/1.1" - (1 ms)
2021-10-05 10:59:53 0:0:0:0:0:0:0:1 302 "GET /static/css/extbootstrap.css HTTP/1.1" - (12 ms)
2021-10-05 10:59:53 0:0:0:0:0:0:0:1 302 "GET /static/css/bootstrap.min.css HTTP/1.1" - (14 ms)
2021-10-05 10:59:53 0:0:0:0:0:0:0:1 302 "GET /static/css/sb-admin-2.css/ HTTP/1.1" - (15 ms)
2021-10-05 10:59:53 0:0:0:0:0:0:0:1 302 "GET /static/css/jquery-ui-flick.css HTTP/1.1" - (13 ms)
2021-10-05 10:59:53 0:0:0:0:0:0:0:1 302 "GET /static/css/common.css HTTP/1.1" - (18 ms)
2021-10-05 10:59:53 0:0:0:0:0:0:0:1 302 "GET /static/js/jquery.datetimepicker.min.js HTTP/1.1" - (2 ms)
2021-10-05 10:59:53 0:0:0:0:0:0:0:1 302 "GET /static/css/jquery.fileupload.css HTTP/1.1" - (4 ms)
2021-10-05 10:59:53 0:0:0:0:0:0:0:1 302 "GET /static/js/jquery-ui.min.js HTTP/1.1" - (1 ms)
2021-10-05 10:59:53 0:0:0:0:0:0:0:1 302 "GET /static/js/common.js HTTP/1.1" - (3 ms)
2021-10-05 10:59:53 0:0:0:0:0:0:0:1 302 "GET /static/js/salesListDay.js HTTP/1.1" - (2 ms)
2021-10-05 10:59:53 0:0:0:0:0:0:0:1 302 "GET /static/js/libro.validate.js HTTP/1.1" - (7 ms)
2021-10-05 10:59:53 0:0:0:0:0:0:0:1 200 "GET /login HTTP/1.1" 3402 (5 ms)
2021-10-05 10:59:53 0:0:0:0:0:0:0:1 200 "GET /login HTTP/1.1" 3402 (5 ms)
2021-10-05 10:59:53 0:0:0:0:0:0:0:1 200 "GET /login HTTP/1.1" 3402 (4 ms)
2021-10-05 10:59:53 0:0:0:0:0:0:0:1 200 "GET /login HTTP/1.1" 3402 (6 ms)
2021-10-05 10:59:53 0:0:0:0:0:0:0:1 200 "GET /login HTTP/1.1" 3402 (5 ms)
2021-10-05 10:59:53 0:0:0:0:0:0:0:1 200 "GET /login HTTP/1.1" 3402 (6 ms)
2021-10-05 10:59:53 0:0:0:0:0:0:0:1 200 "GET /login HTTP/1.1" 3402 (5 ms)
2021-10-05 10:59:53 0:0:0:0:0:0:0:1 200 "GET /login HTTP/1.1" 3402 (6 ms)
2021-10-05 10:59:53 0:0:0:0:0:0:0:1 200 "GET /login HTTP/1.1" 3402 (6 ms)
2021-10-05 10:59:53 0:0:0:0:0:0:0:1 200 "GET /login HTTP/1.1" 3402 (6 ms)
2021-10-05 10:59:53 0:0:0:0:0:0:0:1 200 "GET /login HTTP/1.1" 3402 (5 ms)
2021-10-05 10:59:53 0:0:0:0:0:0:0:1 200 "GET /login HTTP/1.1" 3402 (5 ms)
2021-10-05 10:59:53 0:0:0:0:0:0:0:1 302 "GET /static/image/favicon/conects_book_32x32.ico HTTP/1.1" - (1 ms)
2021-10-05 10:59:53 0:0:0:0:0:0:0:1 200 "GET /login HTTP/1.1" 3402 (4 ms)
2021-10-05 10:59:54 0:0:0:0:0:0:0:1 200 "GET /login HTTP/1.1" 3402 (24 ms)
2021-10-05 10:59:55 0:0:0:0:0:0:0:1 302 "GET /static/js/jquery-3.6.0.min.js HTTP/1.1" - (1 ms)
2021-10-05 10:59:55 0:0:0:0:0:0:0:1 302 "GET /static/css/sb-admin-2.css/ HTTP/1.1" - (3 ms)
2021-10-05 10:59:55 0:0:0:0:0:0:0:1 302 "GET /static/css/jquery-ui-flick.css HTTP/1.1" - (2 ms)
2021-10-05 10:59:55 0:0:0:0:0:0:0:1 302 "GET /static/css/extbootstrap.css HTTP/1.1" - (2 ms)
2021-10-05 10:59:55 0:0:0:0:0:0:0:1 302 "GET /static/css/common.css HTTP/1.1" - (2 ms)
2021-10-05 10:59:55 0:0:0:0:0:0:0:1 302 "GET /static/css/bootstrap.min.css HTTP/1.1" - (8 ms)
2021-10-05 10:59:55 0:0:0:0:0:0:0:1 302 "GET /static/js/jquery.datetimepicker.min.js HTTP/1.1" - (2 ms)
2021-10-05 10:59:55 0:0:0:0:0:0:0:1 302 "GET /static/css/jquery.fileupload.css HTTP/1.1" - (3 ms)
2021-10-05 10:59:55 0:0:0:0:0:0:0:1 302 "GET /static/js/libro.validate.js HTTP/1.1" - (1 ms)
2021-10-05 10:59:55 0:0:0:0:0:0:0:1 302 "GET /static/js/jquery-ui.min.js HTTP/1.1" - (3 ms)
2021-10-05 10:59:55 0:0:0:0:0:0:0:1 302 "GET /static/js/common.js HTTP/1.1" - (3 ms)
2021-10-05 10:59:55 0:0:0:0:0:0:0:1 302 "GET /static/js/salesListDay.js HTTP/1.1" - (1 ms)
2021-10-05 10:59:55 0:0:0:0:0:0:0:1 200 "GET /login HTTP/1.1" 3402 (2 ms)
2021-10-05 10:59:55 0:0:0:0:0:0:0:1 200 "GET /login HTTP/1.1" 3402 (3 ms)
2021-10-05 10:59:55 0:0:0:0:0:0:0:1 200 "GET /login HTTP/1.1" 3402 (6 ms)
2021-10-05 10:59:55 0:0:0:0:0:0:0:1 200 "GET /login HTTP/1.1" 3402 (3 ms)
2021-10-05 10:59:55 0:0:0:0:0:0:0:1 200 "GET /login HTTP/1.1" 3402 (5 ms)
2021-10-05 10:59:55 0:0:0:0:0:0:0:1 200 "GET /login HTTP/1.1" 3402 (3 ms)
2021-10-05 10:59:55 0:0:0:0:0:0:0:1 200 "GET /login HTTP/1.1" 3402 (3 ms)
2021-10-05 10:59:55 0:0:0:0:0:0:0:1 200 "GET /login HTTP/1.1" 3402 (3 ms)
2021-10-05 10:59:55 0:0:0:0:0:0:0:1 200 "GET /login HTTP/1.1" 3402 (3 ms)
2021-10-05 10:59:55 0:0:0:0:0:0:0:1 200 "GET /login HTTP/1.1" 3402 (4 ms)
2021-10-05 10:59:55 0:0:0:0:0:0:0:1 200 "GET /login HTTP/1.1" 3402 (3 ms)
2021-10-05 10:59:55 0:0:0:0:0:0:0:1 200 "GET /login HTTP/1.1" 3402 (4 ms)
2021-10-05 10:59:55 0:0:0:0:0:0:0:1 302 "GET /static/css/extbootstrap.css HTTP/1.1" - (3 ms)
2021-10-05 10:59:55 0:0:0:0:0:0:0:1 302 "GET /static/css/jquery-ui-flick.css HTTP/1.1" - (3 ms)
2021-10-05 10:59:55 0:0:0:0:0:0:0:1 302 "GET /static/css/sb-admin-2.css/ HTTP/1.1" - (4 ms)
2021-10-05 10:59:55 0:0:0:0:0:0:0:1 200 "GET /login HTTP/1.1" 3402 (3 ms)
2021-10-05 10:59:55 0:0:0:0:0:0:0:1 200 "GET /login HTTP/1.1" 3402 (3 ms)
2021-10-05 10:59:55 0:0:0:0:0:0:0:1 200 "GET /login HTTP/1.1" 3402 (5 ms)
2021-10-05 10:59:55 0:0:0:0:0:0:0:1 302 "GET /static/image/favicon/conects_book_32x32.ico HTTP/1.1" - (2 ms)
2021-10-05 10:59:55 0:0:0:0:0:0:0:1 200 "GET /login HTTP/1.1" 3402 (3 ms)
2021-10-05 10:59:57 0:0:0:0:0:0:0:1 302 "GET /static/css/extbootstrap.css HTTP/1.1" - (2 ms)
2021-10-05 10:59:57 0:0:0:0:0:0:0:1 302 "GET /static/css/jquery-ui-flick.css HTTP/1.1" - (2 ms)
2021-10-05 10:59:57 0:0:0:0:0:0:0:1 302 "GET /static/css/bootstrap.min.css HTTP/1.1" - (5 ms)
2021-10-05 10:59:57 0:0:0:0:0:0:0:1 302 "GET /static/css/common.css HTTP/1.1" - (2 ms)
2021-10-05 10:59:57 0:0:0:0:0:0:0:1 302 "GET /static/css/jquery.fileupload.css HTTP/1.1" - (3 ms)
2021-10-05 10:59:57 0:0:0:0:0:0:0:1 302 "GET /static/css/sb-admin-2.css/ HTTP/1.1" - (3 ms)
2021-10-05 10:59:57 0:0:0:0:0:0:0:1 200 "GET /login HTTP/1.1" 3402 (4 ms)
2021-10-05 10:59:57 0:0:0:0:0:0:0:1 200 "GET /login HTTP/1.1" 3402 (6 ms)
2021-10-05 10:59:57 0:0:0:0:0:0:0:1 200 "GET /login HTTP/1.1" 3402 (4 ms)
2021-10-05 10:59:57 0:0:0:0:0:0:0:1 200 "GET /login HTTP/1.1" 3402 (3 ms)
2021-10-05 10:59:57 0:0:0:0:0:0:0:1 200 "GET /login HTTP/1.1" 3402 (4 ms)
2021-10-05 10:59:57 0:0:0:0:0:0:0:1 200 "GET /login HTTP/1.1" 3402 (3 ms)
2021-10-05 11:00:34 0:0:0:0:0:0:0:1 200 "GET /login HTTP/1.1" 3402 (4 ms)
2021-10-05 11:00:35 0:0:0:0:0:0:0:1 302 "GET /static/css/jquery-ui-flick.css HTTP/1.1" - (2 ms)
2021-10-05 11:00:35 0:0:0:0:0:0:0:1 302 "GET /static/js/jquery-3.6.0.min.js HTTP/1.1" - (2 ms)
2021-10-05 11:00:35 0:0:0:0:0:0:0:1 302 "GET /static/css/bootstrap.min.css HTTP/1.1" - (4 ms)
2021-10-05 11:00:35 0:0:0:0:0:0:0:1 302 "GET /static/css/common.css HTTP/1.1" - (9 ms)
2021-10-05 11:00:35 0:0:0:0:0:0:0:1 302 "GET /static/css/extbootstrap.css HTTP/1.1" - (11 ms)
2021-10-05 11:00:35 0:0:0:0:0:0:0:1 302 "GET /static/css/sb-admin-2.css/ HTTP/1.1" - (6 ms)
2021-10-05 11:00:35 0:0:0:0:0:0:0:1 302 "GET /static/css/jquery.fileupload.css HTTP/1.1" - (4 ms)
2021-10-05 11:00:35 0:0:0:0:0:0:0:1 302 "GET /static/js/jquery.datetimepicker.min.js HTTP/1.1" - (1 ms)
2021-10-05 11:00:35 0:0:0:0:0:0:0:1 302 "GET /static/js/libro.validate.js HTTP/1.1" - (1 ms)
2021-10-05 11:00:35 0:0:0:0:0:0:0:1 302 "GET /static/js/jquery-ui.min.js HTTP/1.1" - (2 ms)
2021-10-05 11:00:35 0:0:0:0:0:0:0:1 302 "GET /static/js/salesListDay.js HTTP/1.1" - (2 ms)
2021-10-05 11:00:35 0:0:0:0:0:0:0:1 302 "GET /static/js/common.js HTTP/1.1" - (3 ms)
2021-10-05 11:00:35 0:0:0:0:0:0:0:1 200 "GET /login HTTP/1.1" 3402 (3 ms)
2021-10-05 11:00:35 0:0:0:0:0:0:0:1 200 "GET /login HTTP/1.1" 3402 (3 ms)
2021-10-05 11:00:35 0:0:0:0:0:0:0:1 200 "GET /login HTTP/1.1" 3402 (5 ms)
2021-10-05 11:00:35 0:0:0:0:0:0:0:1 200 "GET /login HTTP/1.1" 3402 (4 ms)
2021-10-05 11:00:35 0:0:0:0:0:0:0:1 200 "GET /login HTTP/1.1" 3402 (4 ms)
2021-10-05 11:00:35 0:0:0:0:0:0:0:1 200 "GET /login HTTP/1.1" 3402 (3 ms)
2021-10-05 11:00:35 0:0:0:0:0:0:0:1 200 "GET /login HTTP/1.1" 3402 (3 ms)
2021-10-05 11:00:35 0:0:0:0:0:0:0:1 200 "GET /login HTTP/1.1" 3402 (3 ms)
2021-10-05 11:00:35 0:0:0:0:0:0:0:1 200 "GET /login HTTP/1.1" 3402 (3 ms)
2021-10-05 11:00:35 0:0:0:0:0:0:0:1 200 "GET /login HTTP/1.1" 3402 (4 ms)
2021-10-05 11:00:35 0:0:0:0:0:0:0:1 200 "GET /login HTTP/1.1" 3402 (3 ms)
2021-10-05 11:00:35 0:0:0:0:0:0:0:1 200 "GET /login HTTP/1.1" 3402 (3 ms)
2021-10-05 11:00:35 0:0:0:0:0:0:0:1 302 "GET /static/css/bootstrap.min.css HTTP/1.1" - (2 ms)
2021-10-05 11:00:35 0:0:0:0:0:0:0:1 302 "GET /static/css/jquery-ui-flick.css HTTP/1.1" - (2 ms)
2021-10-05 11:00:35 0:0:0:0:0:0:0:1 302 "GET /static/css/extbootstrap.css HTTP/1.1" - (3 ms)
2021-10-05 11:00:35 0:0:0:0:0:0:0:1 302 "GET /static/css/common.css HTTP/1.1" - (3 ms)
2021-10-05 11:00:35 0:0:0:0:0:0:0:1 302 "GET /static/css/sb-admin-2.css/ HTTP/1.1" - (3 ms)
2021-10-05 11:00:35 0:0:0:0:0:0:0:1 200 "GET /login HTTP/1.1" 3402 (3 ms)
2021-10-05 11:00:35 0:0:0:0:0:0:0:1 200 "GET /login HTTP/1.1" 3402 (3 ms)
2021-10-05 11:00:35 0:0:0:0:0:0:0:1 200 "GET /login HTTP/1.1" 3402 (3 ms)
2021-10-05 11:00:35 0:0:0:0:0:0:0:1 200 "GET /login HTTP/1.1" 3402 (3 ms)
2021-10-05 11:00:35 0:0:0:0:0:0:0:1 200 "GET /login HTTP/1.1" 3402 (3 ms)
2021-10-05 11:00:35 0:0:0:0:0:0:0:1 302 "GET /static/image/favicon/conects_book_32x32.ico HTTP/1.1" - (1 ms)
2021-10-05 11:00:35 0:0:0:0:0:0:0:1 200 "GET /login HTTP/1.1" 3402 (3 ms)
2021-10-05 11:00:41 0:0:0:0:0:0:0:1 302 "POST /login HTTP/1.1" - (218 ms)
2021-10-05 11:00:41 0:0:0:0:0:0:0:1 404 "GET /static/image/favicon/conects_book_32x32.ico HTTP/1.1" 306 (58 ms)
2021-10-05 11:00:42 0:0:0:0:0:0:0:1 404 "GET /favicon.ico HTTP/1.1" 144 (328 ms)
2021-10-05 11:01:19 0:0:0:0:0:0:0:1 302 "GET / HTTP/1.1" - (3 ms)
2021-10-05 11:01:19 0:0:0:0:0:0:0:1 200 "GET /sales/salesListDay HTTP/1.1" 15814 (56 ms)
2021-10-05 11:01:20 0:0:0:0:0:0:0:1 404 "GET /static/css/sales.css HTTP/1.1" 153 (8 ms)
2021-10-05 11:01:20 0:0:0:0:0:0:0:1 404 "GET /static/css/jquery-ui-flick.css HTTP/1.1" 163 (4 ms)
2021-10-05 11:01:20 0:0:0:0:0:0:0:1 404 "GET /static/css/bootstrap.min.css HTTP/1.1" 161 (8 ms)
2021-10-05 11:01:20 0:0:0:0:0:0:0:1 404 "GET /static/css/extbootstrap.css HTTP/1.1" 160 (6 ms)
2021-10-05 11:01:20 0:0:0:0:0:0:0:1 404 "GET /static/js/jquery-3.6.0.min.js HTTP/1.1" 162 (12 ms)
2021-10-05 11:01:20 0:0:0:0:0:0:0:1 404 "GET /static/css/common.css HTTP/1.1" 154 (4 ms)
2021-10-05 11:01:20 0:0:0:0:0:0:0:1 404 "GET /static/css/sb-admin-2.css/ HTTP/1.1" 159 (4 ms)
2021-10-05 11:01:20 0:0:0:0:0:0:0:1 404 "GET /static/js/libro.validate.js HTTP/1.1" 160 (4 ms)
2021-10-05 11:01:20 0:0:0:0:0:0:0:1 404 "GET /static/css/jquery.fileupload.css HTTP/1.1" 165 (6 ms)
2021-10-05 11:01:20 0:0:0:0:0:0:0:1 404 "GET /static/js/jquery.datetimepicker.min.js HTTP/1.1" 171 (8 ms)
2021-10-05 11:01:20 0:0:0:0:0:0:0:1 404 "GET /static/js/jquery-ui.min.js HTTP/1.1" 159 (4 ms)
2021-10-05 11:01:20 0:0:0:0:0:0:0:1 404 "GET /static/js/common.js HTTP/1.1" 152 (4 ms)
2021-10-05 11:01:20 0:0:0:0:0:0:0:1 404 "GET /static/js/salesListDay.js HTTP/1.1" 158 (4 ms)
2021-10-05 11:01:20 0:0:0:0:0:0:0:1 404 "GET /static/js/jquery-3.6.0.min.js HTTP/1.1" 162 (4 ms)
2021-10-05 11:01:20 0:0:0:0:0:0:0:1 404 "GET /static/css/extbootstrap.css HTTP/1.1" 160 (4 ms)
2021-10-05 11:01:20 0:0:0:0:0:0:0:1 404 "GET /static/css/bootstrap.min.css HTTP/1.1" 161 (3 ms)
2021-10-05 11:01:20 0:0:0:0:0:0:0:1 404 "GET /static/css/jquery-ui-flick.css HTTP/1.1" 163 (4 ms)
2021-10-05 11:01:20 0:0:0:0:0:0:0:1 404 "GET /static/css/common.css HTTP/1.1" 154 (4 ms)
2021-10-05 11:01:20 0:0:0:0:0:0:0:1 404 "GET /static/css/sb-admin-2.css/ HTTP/1.1" 159 (3 ms)
2021-10-05 11:01:20 0:0:0:0:0:0:0:1 404 "GET /static/css/jquery.fileupload.css HTTP/1.1" 165 (3 ms)
2021-10-05 11:01:20 0:0:0:0:0:0:0:1 404 "GET /static/js/jquery.datetimepicker.min.js HTTP/1.1" 171 (4 ms)
2021-10-05 11:01:20 0:0:0:0:0:0:0:1 404 "GET /static/js/libro.validate.js HTTP/1.1" 160 (3 ms)
2021-10-05 11:01:20 0:0:0:0:0:0:0:1 404 "GET /static/js/jquery-ui.min.js HTTP/1.1" 159 (4 ms)
2021-10-05 11:01:21 0:0:0:0:0:0:0:1 404 "GET /static/js/common.js HTTP/1.1" 152 (4 ms)
2021-10-05 11:01:21 0:0:0:0:0:0:0:1 404 "GET /static/js/salesListDay.js HTTP/1.1" 158 (3 ms)
2021-10-05 11:01:29 0:0:0:0:0:0:0:1 200 "GET /logout HTTP/1.1" 3402 (4 ms)
2021-10-05 11:01:30 0:0:0:0:0:0:0:1 404 "GET /static/css/sb-admin-2.css/ HTTP/1.1" 159 (3 ms)
2021-10-05 11:01:30 0:0:0:0:0:0:0:1 404 "GET /static/css/jquery-ui-flick.css HTTP/1.1" 163 (2 ms)
2021-10-05 11:01:30 0:0:0:0:0:0:0:1 404 "GET /static/js/jquery-3.6.0.min.js HTTP/1.1" 162 (2 ms)
2021-10-05 11:01:30 0:0:0:0:0:0:0:1 404 "GET /static/css/common.css HTTP/1.1" 154 (5 ms)
2021-10-05 11:01:30 0:0:0:0:0:0:0:1 404 "GET /static/css/extbootstrap.css HTTP/1.1" 160 (5 ms)
2021-10-05 11:01:30 0:0:0:0:0:0:0:1 404 "GET /static/css/bootstrap.min.css HTTP/1.1" 161 (11 ms)
2021-10-05 11:01:30 0:0:0:0:0:0:0:1 404 "GET /static/js/common.js HTTP/1.1" 152 (3 ms)
2021-10-05 11:01:30 0:0:0:0:0:0:0:1 404 "GET /static/js/jquery.datetimepicker.min.js HTTP/1.1" 171 (7 ms)
2021-10-05 11:01:30 0:0:0:0:0:0:0:1 404 "GET /static/js/salesListDay.js HTTP/1.1" 158 (4 ms)
2021-10-05 11:01:30 0:0:0:0:0:0:0:1 404 "GET /static/js/libro.validate.js HTTP/1.1" 160 (12 ms)
2021-10-05 11:01:30 0:0:0:0:0:0:0:1 404 "GET /static/js/jquery-ui.min.js HTTP/1.1" 159 (8 ms)
2021-10-05 11:01:30 0:0:0:0:0:0:0:1 404 "GET /static/css/jquery.fileupload.css HTTP/1.1" 165 (11 ms)
2021-10-05 11:01:30 0:0:0:0:0:0:0:1 404 "GET /static/js/libro.validate.js HTTP/1.1" 160 (5 ms)
2021-10-05 11:01:30 0:0:0:0:0:0:0:1 404 "GET /static/js/jquery-ui.min.js HTTP/1.1" 159 (4 ms)
2021-10-05 11:01:30 0:0:0:0:0:0:0:1 404 "GET /static/js/common.js HTTP/1.1" 152 (3 ms)
2021-10-05 11:01:30 0:0:0:0:0:0:0:1 404 "GET /static/js/salesListDay.js HTTP/1.1" 158 (3 ms)
2021-10-05 11:01:30 0:0:0:0:0:0:0:1 404 "GET /static/image/favicon/conects_book_32x32.ico HTTP/1.1" 176 (4 ms)
2021-10-05 11:10:49 0:0:0:0:0:0:0:1 200 "GET /logout HTTP/1.1" 3402 (709 ms)
2021-10-05 11:10:51 0:0:0:0:0:0:0:1 404 "GET /static/css/bootstrap.min.css HTTP/1.1" 161 (183 ms)
2021-10-05 11:10:51 0:0:0:0:0:0:0:1 404 "GET /static/css/jquery-ui-flick.css HTTP/1.1" 163 (178 ms)
2021-10-05 11:10:51 0:0:0:0:0:0:0:1 404 "GET /static/css/common.css HTTP/1.1" 154 (178 ms)
2021-10-05 11:10:51 0:0:0:0:0:0:0:1 404 "GET /static/js/jquery-3.6.0.min.js HTTP/1.1" 162 (180 ms)
2021-10-05 11:10:51 0:0:0:0:0:0:0:1 404 "GET /static/css/jquery.fileupload.css HTTP/1.1" 165 (178 ms)
2021-10-05 11:10:51 0:0:0:0:0:0:0:1 404 "GET /static/js/common.js HTTP/1.1" 152 (16 ms)
2021-10-05 11:10:51 0:0:0:0:0:0:0:1 404 "GET /static/js/jquery-ui.min.js HTTP/1.1" 159 (18 ms)
2021-10-05 11:10:51 0:0:0:0:0:0:0:1 404 "GET /static/css/extbootstrap.css HTTP/1.1" 160 (180 ms)
2021-10-05 11:10:51 0:0:0:0:0:0:0:1 404 "GET /static/css/extbootstrap.css HTTP/1.1" 160 (3 ms)
2021-10-05 11:10:51 0:0:0:0:0:0:0:1 404 "GET /static/css/bootstrap.min.css HTTP/1.1" 161 (12 ms)
2021-10-05 11:10:51 0:0:0:0:0:0:0:1 404 "GET /static/css/common.css HTTP/1.1" 154 (10 ms)
2021-10-05 11:10:51 0:0:0:0:0:0:0:1 404 "GET /static/css/sb-admin-2.css/ HTTP/1.1" 159 (50 ms)
2021-10-05 11:10:51 0:0:0:0:0:0:0:1 404 "GET /static/js/salesListDay.js HTTP/1.1" 158 (53 ms)
2021-10-05 11:10:51 0:0:0:0:0:0:0:1 404 "GET /static/js/libro.validate.js HTTP/1.1" 160 (25 ms)
2021-10-05 11:10:51 0:0:0:0:0:0:0:1 404 "GET /static/js/jquery.datetimepicker.min.js HTTP/1.1" 171 (65 ms)
2021-10-05 11:10:51 0:0:0:0:0:0:0:1 404 "GET /static/js/libro.validate.js HTTP/1.1" 160 (5 ms)
2021-10-05 11:10:51 0:0:0:0:0:0:0:1 404 "GET /static/js/jquery-ui.min.js HTTP/1.1" 159 (4 ms)
2021-10-05 11:10:51 0:0:0:0:0:0:0:1 404 "GET /static/js/common.js HTTP/1.1" 152 (5 ms)
2021-10-05 11:10:51 0:0:0:0:0:0:0:1 404 "GET /static/js/salesListDay.js HTTP/1.1" 158 (6 ms)
2021-10-05 11:10:51 0:0:0:0:0:0:0:1 404 "GET /static/image/favicon/conects_book_32x32.ico HTTP/1.1" 176 (17 ms)
2021-10-05 11:10:51 0:0:0:0:0:0:0:1 302 "GET / HTTP/1.1" - (8 ms)
2021-10-05 11:10:51 0:0:0:0:0:0:0:1 200 "GET /sales/salesListDay HTTP/1.1" 15814 (82 ms)
2021-10-05 11:10:52 0:0:0:0:0:0:0:1 404 "GET /static/css/bootstrap.min.css HTTP/1.1" 161 (4 ms)
2021-10-05 11:10:52 0:0:0:0:0:0:0:1 404 "GET /static/css/sales.css HTTP/1.1" 153 (10 ms)
2021-10-05 11:10:52 0:0:0:0:0:0:0:1 404 "GET /static/css/extbootstrap.css HTTP/1.1" 160 (3 ms)
2021-10-05 11:10:52 0:0:0:0:0:0:0:1 404 "GET /static/js/jquery-3.6.0.min.js HTTP/1.1" 162 (8 ms)
2021-10-05 11:10:52 0:0:0:0:0:0:0:1 404 "GET /static/css/jquery-ui-flick.css HTTP/1.1" 163 (4 ms)
2021-10-05 11:10:52 0:0:0:0:0:0:0:1 404 "GET /static/js/jquery.datetimepicker.min.js HTTP/1.1" 171 (5 ms)
2021-10-05 11:10:52 0:0:0:0:0:0:0:1 404 "GET /static/css/sb-admin-2.css/ HTTP/1.1" 159 (8 ms)
2021-10-05 11:10:52 0:0:0:0:0:0:0:1 404 "GET /static/css/jquery.fileupload.css HTTP/1.1" 165 (26 ms)
2021-10-05 11:10:52 0:0:0:0:0:0:0:1 404 "GET /static/js/jquery-ui.min.js HTTP/1.1" 159 (31 ms)
2021-10-05 11:10:52 0:0:0:0:0:0:0:1 404 "GET /static/css/common.css HTTP/1.1" 154 (44 ms)
2021-10-05 11:10:52 0:0:0:0:0:0:0:1 404 "GET /static/js/salesListDay.js HTTP/1.1" 158 (10 ms)
2021-10-05 11:10:52 0:0:0:0:0:0:0:1 404 "GET /static/js/common.js HTTP/1.1" 152 (18 ms)
2021-10-05 11:10:52 0:0:0:0:0:0:0:1 404 "GET /static/js/jquery-3.6.0.min.js HTTP/1.1" 162 (46 ms)
2021-10-05 11:10:52 0:0:0:0:0:0:0:1 404 "GET /static/js/libro.validate.js HTTP/1.1" 160 (15 ms)
2021-10-05 11:10:52 0:0:0:0:0:0:0:1 404 "GET /static/css/extbootstrap.css HTTP/1.1" 160 (5 ms)
2021-10-05 11:10:52 0:0:0:0:0:0:0:1 404 "GET /static/css/bootstrap.min.css HTTP/1.1" 161 (4 ms)
2021-10-05 11:10:52 0:0:0:0:0:0:0:1 404 "GET /static/css/jquery-ui-flick.css HTTP/1.1" 163 (4 ms)
2021-10-05 11:10:52 0:0:0:0:0:0:0:1 404 "GET /static/css/common.css HTTP/1.1" 154 (3 ms)
2021-10-05 11:10:52 0:0:0:0:0:0:0:1 404 "GET /static/css/sb-admin-2.css/ HTTP/1.1" 159 (3 ms)
2021-10-05 11:10:52 0:0:0:0:0:0:0:1 404 "GET /static/css/jquery.fileupload.css HTTP/1.1" 165 (5 ms)
2021-10-05 11:10:53 0:0:0:0:0:0:0:1 404 "GET /static/js/jquery.datetimepicker.min.js HTTP/1.1" 171 (6 ms)
2021-10-05 11:10:53 0:0:0:0:0:0:0:1 404 "GET /static/js/libro.validate.js HTTP/1.1" 160 (4 ms)
2021-10-05 11:10:53 0:0:0:0:0:0:0:1 404 "GET /static/js/jquery-ui.min.js HTTP/1.1" 159 (4 ms)
2021-10-05 11:10:53 0:0:0:0:0:0:0:1 404 "GET /static/js/common.js HTTP/1.1" 152 (4 ms)
2021-10-05 11:10:53 0:0:0:0:0:0:0:1 404 "GET /static/js/salesListDay.js HTTP/1.1" 158 (3 ms)
2021-10-05 11:10:53 0:0:0:0:0:0:0:1 404 "GET /favicon.ico HTTP/1.1" 144 (5 ms)
2021-10-05 11:10:57 0:0:0:0:0:0:0:1 200 "GET /logout HTTP/1.1" 3402 (7 ms)
2021-10-05 11:10:58 0:0:0:0:0:0:0:1 404 "GET /static/css/jquery-ui-flick.css HTTP/1.1" 163 (29 ms)
2021-10-05 11:10:58 0:0:0:0:0:0:0:1 404 "GET /static/css/common.css HTTP/1.1" 154 (33 ms)
2021-10-05 11:10:58 0:0:0:0:0:0:0:1 404 "GET /static/css/extbootstrap.css HTTP/1.1" 160 (34 ms)
2021-10-05 11:10:58 0:0:0:0:0:0:0:1 404 "GET /static/css/sb-admin-2.css/ HTTP/1.1" 159 (35 ms)
2021-10-05 11:10:58 0:0:0:0:0:0:0:1 404 "GET /static/js/jquery-3.6.0.min.js HTTP/1.1" 162 (44 ms)
2021-10-05 11:10:58 0:0:0:0:0:0:0:1 404 "GET /static/css/bootstrap.min.css HTTP/1.1" 161 (40 ms)
2021-10-05 11:10:58 0:0:0:0:0:0:0:1 404 "GET /static/css/jquery.fileupload.css HTTP/1.1" 165 (3 ms)
2021-10-05 11:10:58 0:0:0:0:0:0:0:1 404 "GET /static/js/common.js HTTP/1.1" 152 (5 ms)
2021-10-05 11:10:58 0:0:0:0:0:0:0:1 404 "GET /static/js/jquery.datetimepicker.min.js HTTP/1.1" 171 (4 ms)
2021-10-05 11:10:58 0:0:0:0:0:0:0:1 404 "GET /static/js/jquery-ui.min.js HTTP/1.1" 159 (12 ms)
2021-10-05 11:10:58 0:0:0:0:0:0:0:1 404 "GET /static/js/libro.validate.js HTTP/1.1" 160 (10 ms)
2021-10-05 11:10:58 0:0:0:0:0:0:0:1 404 "GET /static/js/salesListDay.js HTTP/1.1" 158 (7 ms)
2021-10-05 11:10:58 0:0:0:0:0:0:0:1 404 "GET /static/css/jquery-ui-flick.css HTTP/1.1" 163 (5 ms)
2021-10-05 11:10:58 0:0:0:0:0:0:0:1 404 "GET /static/js/libro.validate.js HTTP/1.1" 160 (4 ms)
2021-10-05 11:10:58 0:0:0:0:0:0:0:1 404 "GET /static/js/jquery-ui.min.js HTTP/1.1" 159 (4 ms)
2021-10-05 11:10:58 0:0:0:0:0:0:0:1 404 "GET /static/js/common.js HTTP/1.1" 152 (5 ms)
2021-10-05 11:10:58 0:0:0:0:0:0:0:1 404 "GET /static/js/salesListDay.js HTTP/1.1" 158 (8 ms)
2021-10-05 11:11:06 0:0:0:0:0:0:0:1 200 "GET /logout HTTP/1.1" 3402 (4 ms)
2021-10-05 11:11:07 0:0:0:0:0:0:0:1 404 "GET /static/js/jquery-3.6.0.min.js HTTP/1.1" 162 (4 ms)
2021-10-05 11:11:07 0:0:0:0:0:0:0:1 404 "GET /static/css/jquery-ui-flick.css HTTP/1.1" 163 (5 ms)
2021-10-05 11:11:07 0:0:0:0:0:0:0:1 404 "GET /static/css/jquery.fileupload.css HTTP/1.1" 165 (28 ms)
2021-10-05 11:11:07 0:0:0:0:0:0:0:1 404 "GET /static/css/extbootstrap.css HTTP/1.1" 160 (27 ms)
2021-10-05 11:11:07 0:0:0:0:0:0:0:1 404 "GET /static/js/jquery.datetimepicker.min.js HTTP/1.1" 171 (4 ms)
2021-10-05 11:11:07 0:0:0:0:0:0:0:1 404 "GET /static/css/sb-admin-2.css/ HTTP/1.1" 159 (31 ms)
2021-10-05 11:11:07 0:0:0:0:0:0:0:1 404 "GET /static/css/bootstrap.min.css HTTP/1.1" 161 (6 ms)
2021-10-05 11:11:07 0:0:0:0:0:0:0:1 404 "GET /static/css/common.css HTTP/1.1" 154 (35 ms)
2021-10-05 11:11:07 0:0:0:0:0:0:0:1 404 "GET /static/js/libro.validate.js HTTP/1.1" 160 (3 ms)
2021-10-05 11:11:07 0:0:0:0:0:0:0:1 404 "GET /static/js/jquery-ui.min.js HTTP/1.1" 159 (3 ms)
2021-10-05 11:11:07 0:0:0:0:0:0:0:1 404 "GET /static/js/common.js HTTP/1.1" 152 (4 ms)
2021-10-05 11:11:07 0:0:0:0:0:0:0:1 404 "GET /static/js/salesListDay.js HTTP/1.1" 158 (4 ms)
2021-10-05 11:11:07 0:0:0:0:0:0:0:1 404 "GET /static/js/libro.validate.js HTTP/1.1" 160 (5 ms)
2021-10-05 11:11:07 0:0:0:0:0:0:0:1 404 "GET /static/js/jquery-ui.min.js HTTP/1.1" 159 (4 ms)
2021-10-05 11:11:07 0:0:0:0:0:0:0:1 404 "GET /static/js/common.js HTTP/1.1" 152 (3 ms)
2021-10-05 11:11:08 0:0:0:0:0:0:0:1 404 "GET /static/js/salesListDay.js HTTP/1.1" 158 (5 ms)
2021-10-05 11:11:08 0:0:0:0:0:0:0:1 404 "GET /static/image/favicon/conects_book_32x32.ico HTTP/1.1" 176 (3 ms)
2021-10-05 11:12:52 0:0:0:0:0:0:0:1 200 "GET /logout HTTP/1.1" 3402 (517 ms)
2021-10-05 11:12:53 0:0:0:0:0:0:0:1 200 "GET /static/css/bootstrap.min.css HTTP/1.1" 121200 (54 ms)
2021-10-05 11:12:53 0:0:0:0:0:0:0:1 200 "GET /static/css/jquery-ui-flick.css HTTP/1.1" 36469 (53 ms)
2021-10-05 11:12:53 0:0:0:0:0:0:0:1 200 "GET /static/js/jquery-3.6.0.min.js HTTP/1.1" 89501 (61 ms)
2021-10-05 11:12:53 0:0:0:0:0:0:0:1 200 "GET /static/css/extbootstrap.css HTTP/1.1" 3965 (47 ms)
2021-10-05 11:12:53 0:0:0:0:0:0:0:1 200 "GET /static/css/sb-admin-2.css/ HTTP/1.1" 9744 (47 ms)
2021-10-05 11:12:53 0:0:0:0:0:0:0:1 200 "GET /static/css/common.css HTTP/1.1" 357 (46 ms)
2021-10-05 11:12:53 0:0:0:0:0:0:0:1 200 "GET /static/css/jquery.fileupload.css HTTP/1.1" 682 (5 ms)
2021-10-05 11:12:53 0:0:0:0:0:0:0:1 200 "GET /static/js/common.js HTTP/1.1" 2482 (3 ms)
2021-10-05 11:12:53 0:0:0:0:0:0:0:1 200 "GET /static/js/salesListDay.js HTTP/1.1" 2930 (7 ms)
2021-10-05 11:12:53 0:0:0:0:0:0:0:1 200 "GET /static/js/libro.validate.js HTTP/1.1" 16004 (14 ms)
2021-10-05 11:12:53 0:0:0:0:0:0:0:1 200 "GET /static/js/jquery.datetimepicker.min.js HTTP/1.1" 53470 (14 ms)
2021-10-05 11:12:53 0:0:0:0:0:0:0:1 200 "GET /static/js/jquery-ui.min.js HTTP/1.1" 228077 (14 ms)
2021-10-05 11:12:53 0:0:0:0:0:0:0:1 200 "GET /static/image/favicon/conects_book_32x32.ico HTTP/1.1" 3262 (142 ms)
2021-10-05 11:12:54 0:0:0:0:0:0:0:1 404 "GET /static/css/bootstrap.min.css.map HTTP/1.1" 165 (269 ms)
2021-10-05 11:13:00 0:0:0:0:0:0:0:1 302 "POST /login HTTP/1.1" - (306 ms)
2021-10-05 11:13:00 0:0:0:0:0:0:0:1 200 "GET /sales/salesListDay HTTP/1.1" 15814 (148 ms)
2021-10-05 11:13:01 0:0:0:0:0:0:0:1 200 "GET /static/css/sales.css HTTP/1.1" 401 (2 ms)
2021-10-05 11:13:01 0:0:0:0:0:0:0:1 200 "GET /static/js/jquery-3.6.0.min.js HTTP/1.1" 89501 (3 ms)
2021-10-05 11:13:01 0:0:0:0:0:0:0:1 200 "GET /static/css/extbootstrap.css HTTP/1.1" 3965 (4 ms)
2021-10-05 11:13:01 0:0:0:0:0:0:0:1 200 "GET /static/css/common.css HTTP/1.1" 357 (1 ms)
2021-10-05 11:13:01 0:0:0:0:0:0:0:1 200 "GET /static/css/bootstrap.min.css HTTP/1.1" 121200 (3 ms)
2021-10-05 11:13:01 0:0:0:0:0:0:0:1 200 "GET /static/css/jquery-ui-flick.css HTTP/1.1" 36469 (11 ms)
2021-10-05 11:13:01 0:0:0:0:0:0:0:1 200 "GET /static/css/jquery.fileupload.css HTTP/1.1" 682 (2 ms)
2021-10-05 11:13:01 0:0:0:0:0:0:0:1 200 "GET /static/js/libro.validate.js HTTP/1.1" 16004 (3 ms)
2021-10-05 11:13:01 0:0:0:0:0:0:0:1 200 "GET /static/js/jquery-ui.min.js HTTP/1.1" 228077 (7 ms)
2021-10-05 11:13:01 0:0:0:0:0:0:0:1 200 "GET /static/css/sb-admin-2.css/ HTTP/1.1" 9744 (3 ms)
2021-10-05 11:13:01 0:0:0:0:0:0:0:1 200 "GET /static/js/jquery.datetimepicker.min.js HTTP/1.1" 53470 (3 ms)
2021-10-05 11:13:01 0:0:0:0:0:0:0:1 200 "GET /static/js/common.js HTTP/1.1" 2482 (4 ms)
2021-10-05 11:13:01 0:0:0:0:0:0:0:1 200 "GET /static/js/salesListDay.js HTTP/1.1" 2930 (5 ms)
2021-10-05 11:13:01 0:0:0:0:0:0:0:1 200 "GET /static/fonts/glyphicons-halflings-regular.woff2 HTTP/1.1" 18028 (32 ms)
2021-10-05 11:13:01 0:0:0:0:0:0:0:1 404 "GET /favicon.ico HTTP/1.1" 144 (9 ms)
2021-10-05 11:13:10 0:0:0:0:0:0:0:1 404 "GET /sales/salesListDay.do HTTP/1.1" 306 (57 ms)
2021-10-05 11:13:12 0:0:0:0:0:0:0:1 200 "GET /sales/salesListDay HTTP/1.1" 15814 (34 ms)
2021-10-05 11:13:13 0:0:0:0:0:0:0:1 200 "GET /static/css/bootstrap.min.css HTTP/1.1" 121200 (4 ms)
2021-10-05 11:13:13 0:0:0:0:0:0:0:1 200 "GET /static/css/sales.css HTTP/1.1" 401 (15 ms)
2021-10-05 11:13:13 0:0:0:0:0:0:0:1 200 "GET /static/css/jquery-ui-flick.css HTTP/1.1" 36469 (24 ms)
2021-10-05 11:13:13 0:0:0:0:0:0:0:1 200 "GET /static/css/extbootstrap.css HTTP/1.1" 3965 (16 ms)
2021-10-05 11:13:13 0:0:0:0:0:0:0:1 200 "GET /static/js/jquery-3.6.0.min.js HTTP/1.1" 89501 (22 ms)
2021-10-05 11:13:13 0:0:0:0:0:0:0:1 200 "GET /static/css/jquery.fileupload.css HTTP/1.1" 682 (6 ms)
2021-10-05 11:13:13 0:0:0:0:0:0:0:1 200 "GET /static/css/sb-admin-2.css/ HTTP/1.1" 9744 (3 ms)
2021-10-05 11:13:13 0:0:0:0:0:0:0:1 200 "GET /static/css/common.css HTTP/1.1" 357 (15 ms)
2021-10-05 11:13:13 0:0:0:0:0:0:0:1 200 "GET /static/js/libro.validate.js HTTP/1.1" 16004 (7 ms)
2021-10-05 11:13:13 0:0:0:0:0:0:0:1 200 "GET /static/js/jquery.datetimepicker.min.js HTTP/1.1" 53470 (11 ms)
2021-10-05 11:13:13 0:0:0:0:0:0:0:1 200 "GET /static/js/jquery-ui.min.js HTTP/1.1" 228077 (12 ms)
2021-10-05 11:13:13 0:0:0:0:0:0:0:1 200 "GET /static/js/common.js HTTP/1.1" 2482 (15 ms)
2021-10-05 11:13:13 0:0:0:0:0:0:0:1 200 "GET /static/js/salesListDay.js HTTP/1.1" 2930 (11 ms)
2021-10-05 11:13:13 0:0:0:0:0:0:0:1 200 "GET /static/fonts/glyphicons-halflings-regular.woff2 HTTP/1.1" 18028 (3 ms)
2021-10-05 11:13:47 0:0:0:0:0:0:0:1 200 "GET /static/css/sales.css HTTP/1.1" 401 (26 ms)
2021-10-05 11:13:47 0:0:0:0:0:0:0:1 200 "GET /static/css/common.css HTTP/1.1" 357 (18 ms)
2021-10-05 11:13:47 0:0:0:0:0:0:0:1 200 "GET /static/css/extbootstrap.css HTTP/1.1" 3965 (26 ms)
2021-10-05 11:13:47 0:0:0:0:0:0:0:1 200 "GET /static/css/sb-admin-2.css/ HTTP/1.1" 9744 (18 ms)
2021-10-05 11:13:47 0:0:0:0:0:0:0:1 200 "GET /static/css/bootstrap.min.css HTTP/1.1" 121200 (26 ms)
2021-10-05 11:13:47 0:0:0:0:0:0:0:1 200 "GET /static/css/jquery-ui-flick.css HTTP/1.1" 36469 (21 ms)
2021-10-05 11:13:47 0:0:0:0:0:0:0:1 200 "GET /static/css/jquery.fileupload.css HTTP/1.1" 682 (2 ms)
2021-10-05 11:13:47 0:0:0:0:0:0:0:1 404 "GET /static/css/bootstrap.min.css.map HTTP/1.1" 165 (18 ms)
2021-10-05 11:18:22 0:0:0:0:0:0:0:1 200 "GET /sales/salesListDay HTTP/1.1" 15915 (684 ms)
2021-10-05 11:18:23 0:0:0:0:0:0:0:1 200 "GET /static/css/extbootstrap.css HTTP/1.1" 3965 (33 ms)
2021-10-05 11:18:23 0:0:0:0:0:0:0:1 200 "GET /static/css/sales.css HTTP/1.1" 401 (39 ms)
2021-10-05 11:18:23 0:0:0:0:0:0:0:1 200 "GET /static/css/bootstrap.min.css HTTP/1.1" 121200 (36 ms)
2021-10-05 11:18:23 0:0:0:0:0:0:0:1 200 "GET /static/css/jquery-ui-flick.css HTTP/1.1" 36469 (39 ms)
2021-10-05 11:18:23 0:0:0:0:0:0:0:1 200 "GET /static/css/jquery.fileupload.css HTTP/1.1" 682 (3 ms)
2021-10-05 11:18:23 0:0:0:0:0:0:0:1 200 "GET /static/js/jquery-3.6.0.min.js HTTP/1.1" 89501 (56 ms)
2021-10-05 11:18:23 0:0:0:0:0:0:0:1 200 "GET /static/js/jquery.datetimepicker.min.js HTTP/1.1" 53470 (10 ms)
2021-10-05 11:18:23 0:0:0:0:0:0:0:1 200 "GET /static/css/common.css HTTP/1.1" 357 (13 ms)
2021-10-05 11:18:23 0:0:0:0:0:0:0:1 200 "GET /static/js/salesListDay.js HTTP/1.1" 2930 (7 ms)
2021-10-05 11:18:23 0:0:0:0:0:0:0:1 200 "GET /static/js/common.js HTTP/1.1" 2482 (12 ms)
2021-10-05 11:18:23 0:0:0:0:0:0:0:1 200 "GET /static/js/libro.validate.js HTTP/1.1" 16004 (13 ms)
2021-10-05 11:18:23 0:0:0:0:0:0:0:1 200 "GET /static/css/sb-admin-2.css/ HTTP/1.1" 9744 (35 ms)
2021-10-05 11:18:23 0:0:0:0:0:0:0:1 200 "GET /static/js/jquery-ui.min.js HTTP/1.1" 228077 (18 ms)
2021-10-05 11:18:23 0:0:0:0:0:0:0:1 200 "GET /static/fonts/glyphicons-halflings-regular.woff2 HTTP/1.1" 18028 (13 ms)
2021-10-05 11:18:23 0:0:0:0:0:0:0:1 404 "GET /resources/image/loading.gif HTTP/1.1" 160 (128 ms)
2021-10-05 11:18:23 0:0:0:0:0:0:0:1 404 "GET /resources/font-awesome/css/font-awesome.min.css HTTP/1.1" 180 (62 ms)
2021-10-05 11:18:23 0:0:0:0:0:0:0:1 404 "GET /static/css/bootstrap.min.css.map HTTP/1.1" 165 (16 ms)
2021-10-05 11:18:23 0:0:0:0:0:0:0:1 404 "GET /favicon.ico HTTP/1.1" 144 (5 ms)
2021-10-05 11:19:05 0:0:0:0:0:0:0:1 200 "GET /sales/salesListDay HTTP/1.1" 15912 (409 ms)
2021-10-05 11:19:06 0:0:0:0:0:0:0:1 200 "GET /static/css/sales.css HTTP/1.1" 401 (30 ms)
2021-10-05 11:19:06 0:0:0:0:0:0:0:1 200 "GET /static/css/jquery-ui-flick.css HTTP/1.1" 36469 (41 ms)
2021-10-05 11:19:06 0:0:0:0:0:0:0:1 200 "GET /static/css/bootstrap.min.css HTTP/1.1" 121200 (45 ms)
2021-10-05 11:19:06 0:0:0:0:0:0:0:1 200 "GET /static/js/jquery-3.6.0.min.js HTTP/1.1" 89501 (39 ms)
2021-10-05 11:19:06 0:0:0:0:0:0:0:1 200 "GET /static/css/sb-admin-2.css/ HTTP/1.1" 9744 (4 ms)
2021-10-05 11:19:06 0:0:0:0:0:0:0:1 200 "GET /static/css/extbootstrap.css HTTP/1.1" 3965 (27 ms)
2021-10-05 11:19:06 0:0:0:0:0:0:0:1 200 "GET /static/css/jquery.fileupload.css HTTP/1.1" 682 (2 ms)
2021-10-05 11:19:06 0:0:0:0:0:0:0:1 200 "GET /static/js/libro.validate.js HTTP/1.1" 16004 (12 ms)
2021-10-05 11:19:06 0:0:0:0:0:0:0:1 200 "GET /static/css/common.css HTTP/1.1" 357 (16 ms)
2021-10-05 11:19:06 0:0:0:0:0:0:0:1 200 "GET /static/js/salesListDay.js HTTP/1.1" 2930 (11 ms)
2021-10-05 11:19:06 0:0:0:0:0:0:0:1 200 "GET /static/js/jquery.datetimepicker.min.js HTTP/1.1" 53470 (27 ms)
2021-10-05 11:19:06 0:0:0:0:0:0:0:1 200 "GET /static/js/common.js HTTP/1.1" 2482 (31 ms)
2021-10-05 11:19:06 0:0:0:0:0:0:0:1 200 "GET /static/js/jquery-ui.min.js HTTP/1.1" 228077 (38 ms)
2021-10-05 11:19:06 0:0:0:0:0:0:0:1 200 "GET /static/fonts/glyphicons-halflings-regular.woff2 HTTP/1.1" 18028 (27 ms)
2021-10-05 11:19:06 0:0:0:0:0:0:0:1 404 "GET /resources/image/loading.gif HTTP/1.1" 160 (159 ms)
2021-10-05 11:19:06 0:0:0:0:0:0:0:1 404 "GET /static/font-awesome/css/font-awesome.min.css HTTP/1.1" 177 (81 ms)
2021-10-05 11:19:06 0:0:0:0:0:0:0:1 404 "GET /static/css/bootstrap.min.css.map HTTP/1.1" 165 (67 ms)
2021-10-05 11:19:06 0:0:0:0:0:0:0:1 404 "GET /favicon.ico HTTP/1.1" 144 (4 ms)
2021-10-05 11:19:08 0:0:0:0:0:0:0:1 200 "GET /sales/salesListDay HTTP/1.1" 15912 (12 ms)
2021-10-05 11:19:08 0:0:0:0:0:0:0:1 200 "GET /static/js/jquery-3.6.0.min.js HTTP/1.1" 89501 (3 ms)
2021-10-05 11:19:08 0:0:0:0:0:0:0:1 404 "GET /resources/image/loading.gif HTTP/1.1" 160 (3 ms)
2021-10-05 11:19:08 0:0:0:0:0:0:0:1 200 "GET /static/css/extbootstrap.css HTTP/1.1" 3965 (1 ms)
2021-10-05 11:19:08 0:0:0:0:0:0:0:1 200 "GET /static/css/jquery-ui-flick.css HTTP/1.1" 36469 (2 ms)
2021-10-05 11:19:08 0:0:0:0:0:0:0:1 200 "GET /static/css/sales.css HTTP/1.1" 401 (5 ms)
2021-10-05 11:19:08 0:0:0:0:0:0:0:1 200 "GET /static/css/bootstrap.min.css HTTP/1.1" 121200 (4 ms)
2021-10-05 11:19:08 0:0:0:0:0:0:0:1 200 "GET /static/css/common.css HTTP/1.1" 357 (2 ms)
2021-10-05 11:19:08 0:0:0:0:0:0:0:1 200 "GET /static/css/jquery.fileupload.css HTTP/1.1" 682 (2 ms)
2021-10-05 11:19:08 0:0:0:0:0:0:0:1 200 "GET /static/js/jquery.datetimepicker.min.js HTTP/1.1" 53470 (3 ms)
2021-10-05 11:19:08 0:0:0:0:0:0:0:1 200 "GET /static/css/sb-admin-2.css/ HTTP/1.1" 9744 (2 ms)
2021-10-05 11:19:08 0:0:0:0:0:0:0:1 200 "GET /static/js/jquery-ui.min.js HTTP/1.1" 228077 (3 ms)
2021-10-05 11:19:08 0:0:0:0:0:0:0:1 200 "GET /static/js/libro.validate.js HTTP/1.1" 16004 (8 ms)
2021-10-05 11:19:08 0:0:0:0:0:0:0:1 200 "GET /static/js/common.js HTTP/1.1" 2482 (2 ms)
2021-10-05 11:19:08 0:0:0:0:0:0:0:1 200 "GET /static/js/salesListDay.js HTTP/1.1" 2930 (4 ms)
2021-10-05 11:19:08 0:0:0:0:0:0:0:1 404 "GET /static/font-awesome/css/font-awesome.min.css HTTP/1.1" 177 (5 ms)
2021-10-05 11:19:09 0:0:0:0:0:0:0:1 404 "GET /static/css/bootstrap.min.css.map HTTP/1.1" 165 (4 ms)
2021-10-05 11:19:09 0:0:0:0:0:0:0:1 200 "GET /static/fonts/glyphicons-halflings-regular.woff2 HTTP/1.1" 18028 (3 ms)
2021-10-05 11:19:09 0:0:0:0:0:0:0:1 404 "GET /static/font-awesome/css/font-awesome.min.css HTTP/1.1" 177 (4 ms)
2021-10-05 11:19:09 0:0:0:0:0:0:0:1 404 "GET /favicon.ico HTTP/1.1" 144 (3 ms)
2021-10-05 11:27:06 0:0:0:0:0:0:0:1 302 "GET / HTTP/1.1" - (74 ms)
2021-10-05 11:27:07 0:0:0:0:0:0:0:1 200 "GET /sales/salesListDay HTTP/1.1" 15912 (277 ms)
2021-10-05 11:27:08 0:0:0:0:0:0:0:1 200 "GET /static/css/sales.css HTTP/1.1" 401 (18 ms)
2021-10-05 11:27:08 0:0:0:0:0:0:0:1 200 "GET /static/css/extbootstrap.css HTTP/1.1" 3965 (15 ms)
2021-10-05 11:27:08 0:0:0:0:0:0:0:1 200 "GET /static/css/jquery-ui-flick.css HTTP/1.1" 36469 (12 ms)
2021-10-05 11:27:08 0:0:0:0:0:0:0:1 200 "GET /static/js/jquery-3.6.0.min.js HTTP/1.1" 89501 (14 ms)
2021-10-05 11:27:08 0:0:0:0:0:0:0:1 200 "GET /static/css/bootstrap.min.css HTTP/1.1" 121200 (19 ms)
2021-10-05 11:27:08 0:0:0:0:0:0:0:1 200 "GET /static/css/sb-admin-2.css/ HTTP/1.1" 9744 (5 ms)
2021-10-05 11:27:08 0:0:0:0:0:0:0:1 200 "GET /static/css/common.css HTTP/1.1" 357 (5 ms)
2021-10-05 11:27:08 0:0:0:0:0:0:0:1 200 "GET /static/js/libro.validate.js HTTP/1.1" 16004 (5 ms)
2021-10-05 11:27:08 0:0:0:0:0:0:0:1 200 "GET /static/css/jquery.fileupload.css HTTP/1.1" 682 (7 ms)
2021-10-05 11:27:08 0:0:0:0:0:0:0:1 200 "GET /static/js/common.js HTTP/1.1" 2482 (5 ms)
2021-10-05 11:27:08 0:0:0:0:0:0:0:1 200 "GET /static/js/jquery.datetimepicker.min.js HTTP/1.1" 53470 (14 ms)
2021-10-05 11:27:08 0:0:0:0:0:0:0:1 200 "GET /static/js/jquery-ui.min.js HTTP/1.1" 228077 (15 ms)
2021-10-05 11:27:08 0:0:0:0:0:0:0:1 200 "GET /static/js/salesListDay.js HTTP/1.1" 2930 (4 ms)
2021-10-05 11:27:08 0:0:0:0:0:0:0:1 200 "GET /static/font-awesome/css/font-awesome.min.css HTTP/1.1" 29063 (7 ms)
2021-10-05 11:27:08 0:0:0:0:0:0:0:1 404 "GET /resources/image/loading.gif HTTP/1.1" 160 (90 ms)
2021-10-05 11:27:08 0:0:0:0:0:0:0:1 404 "GET /static/css/bootstrap.min.css.map HTTP/1.1" 165 (19 ms)
2021-10-05 11:27:08 0:0:0:0:0:0:0:1 200 "GET /static/fonts/glyphicons-halflings-regular.woff2 HTTP/1.1" 18028 (11 ms)
2021-10-05 11:27:08 0:0:0:0:0:0:0:1 200 "GET /static/font-awesome/fonts/fontawesome-webfont.woff2?v=4.6.3 HTTP/1.1" 71896 (5 ms)
2021-10-05 11:27:08 0:0:0:0:0:0:0:1 404 "GET /favicon.ico HTTP/1.1" 144 (3 ms)
2021-10-05 11:27:30 0:0:0:0:0:0:0:1 404 "GET /static/css/images/ui-bg_highlight-soft_50_dddddd_1x100.png HTTP/1.1" 191 (6 ms)
2021-10-05 11:27:30 0:0:0:0:0:0:0:1 404 "GET /static/css/images/ui-icons_0073ea_256x240.png HTTP/1.1" 178 (5 ms)
2021-10-05 11:27:30 0:0:0:0:0:0:0:1 404 "GET /static/css/images/ui-bg_highlight-soft_100_f6f6f6_1x100.png HTTP/1.1" 192 (5 ms)
2021-10-05 11:27:32 0:0:0:0:0:0:0:1 404 "GET /static/css/images/ui-bg_highlight-soft_25_0073ea_1x100.png HTTP/1.1" 191 (9 ms)
